<?xml version="1.0" encoding="UTF-8"?>
<testng-results skipped="0" failed="0" ignored="0" total="1" passed="1">
  <reporter-output>
  </reporter-output>
  <suite name="Suite" duration-ms="3849" started-at="2020-11-23T22:35:52 IST" finished-at="2020-11-23T22:35:56 IST">
    <groups>
    </groups>
    <test name="Test" duration-ms="3849" started-at="2020-11-23T22:35:52 IST" finished-at="2020-11-23T22:35:56 IST">
      <class name="testsuite.ExecuteDB">
        <test-method status="PASS" signature="test()[pri:0, instance:testsuite.ExecuteDB@6ddf90b0]" name="test" duration-ms="3812" started-at="2020-11-23T22:35:52 IST" finished-at="2020-11-23T22:35:56 IST">
          <reporter-output>
          </reporter-output>
        </test-method> <!-- test -->
      </class> <!-- testsuite.ExecuteDB -->
    </test> <!-- Test -->
  </suite> <!-- Suite -->
</testng-results>
